0 info it worked if it ends with ok
1 verbose cli [ '/usr/local/bin/node', '/usr/local/bin/npm', 'publish' ]
2 info using npm@3.10.10
3 info using node@v6.11.4
4 verbose publish [ '.' ]
5 silly cache add args [ '.', null ]
6 verbose cache add spec .
7 silly cache add parsed spec Result {
7 silly cache add   raw: '.',
7 silly cache add   scope: null,
7 silly cache add   escapedName: null,
7 silly cache add   name: null,
7 silly cache add   rawSpec: '.',
7 silly cache add   spec: '/Users/harry/Documents/Projects/coreassets/googlesheethelper/google-sheet-api',
7 silly cache add   type: 'directory' }
8 verbose addLocalDirectory /Users/harry/.npm/google-sheet-api/1.0.1-0/package.tgz not in flight; packing
9 verbose correctMkdir /Users/harry/.npm correctMkdir not in flight; initializing
10 info lifecycle google-sheet-api@1.0.1-0~prepublish: google-sheet-api@1.0.1-0
11 silly lifecycle google-sheet-api@1.0.1-0~prepublish: no script for prepublish, continuing
12 verbose tar pack [ '/Users/harry/.npm/google-sheet-api/1.0.1-0/package.tgz',
12 verbose tar pack   '/Users/harry/Documents/Projects/coreassets/googlesheethelper/google-sheet-api' ]
13 verbose tarball /Users/harry/.npm/google-sheet-api/1.0.1-0/package.tgz
14 verbose folder /Users/harry/Documents/Projects/coreassets/googlesheethelper/google-sheet-api
15 verbose addLocalTarball adding from inside cache /Users/harry/.npm/google-sheet-api/1.0.1-0/package.tgz
16 verbose correctMkdir /Users/harry/.npm correctMkdir not in flight; initializing
17 silly cache afterAdd google-sheet-api@1.0.1-0
18 verbose afterAdd /Users/harry/.npm/google-sheet-api/1.0.1-0/package/package.json not in flight; writing
19 verbose correctMkdir /Users/harry/.npm correctMkdir not in flight; initializing
20 verbose afterAdd /Users/harry/.npm/google-sheet-api/1.0.1-0/package/package.json written
21 silly publish { name: 'google-sheet-api',
21 silly publish   version: '1.0.1-0',
21 silly publish   description: '',
21 silly publish   main: 'handler.js',
21 silly publish   scripts:
21 silly publish    { test: 'mocha Test/**/*.test.js --timeout 300000',
21 silly publish      watch: 'nodemon --exec npm test',
21 silly publish      start: 'node handler.js' },
21 silly publish   author: { name: 'Miao Huang' },
21 silly publish   license: 'ISC',
21 silly publish   dependencies: { 'google-auth-library': '^0.11.0', googleapis: '^21.3.0' },
21 silly publish   devDependencies: { expect: '^21.1.0', mocha: '^3.5.3' },
21 silly publish   readme: 'ERROR: No README data found!',
21 silly publish   _id: 'google-sheet-api@1.0.1-0',
21 silly publish   _shasum: '10e9316cf3cd83ad8a7935a763cf6fd9af4c3002',
21 silly publish   _from: '.' }
22 verbose getPublishConfig undefined
23 silly mapToRegistry name google-sheet-api
24 silly mapToRegistry using default registry
25 silly mapToRegistry registry https://registry.npmjs.org/
26 silly mapToRegistry data Result {
26 silly mapToRegistry   raw: 'google-sheet-api',
26 silly mapToRegistry   scope: null,
26 silly mapToRegistry   escapedName: 'google-sheet-api',
26 silly mapToRegistry   name: 'google-sheet-api',
26 silly mapToRegistry   rawSpec: '',
26 silly mapToRegistry   spec: 'latest',
26 silly mapToRegistry   type: 'tag' }
27 silly mapToRegistry uri https://registry.npmjs.org/google-sheet-api
28 verbose publish registryBase https://registry.npmjs.org/
29 silly publish uploading /Users/harry/.npm/google-sheet-api/1.0.1-0/package.tgz
30 verbose request uri https://registry.npmjs.org/google-sheet-api
31 verbose request sending authorization for write operation
32 info attempt registry request try #1 at 12:06:04 PM
33 verbose request using bearer token for auth
34 verbose request id 3672d40d0ceff2cf
35 http request PUT https://registry.npmjs.org/google-sheet-api
36 http 403 https://registry.npmjs.org/google-sheet-api
37 verbose headers { 'content-type': 'application/json',
37 verbose headers   'cache-control': 'max-age=300',
37 verbose headers   'content-length': '110',
37 verbose headers   'accept-ranges': 'bytes',
37 verbose headers   date: 'Mon, 23 Oct 2017 16:06:05 GMT',
37 verbose headers   via: '1.1 varnish',
37 verbose headers   connection: 'keep-alive',
37 verbose headers   'x-served-by': 'cache-mdw17342-MDW',
37 verbose headers   'x-cache': 'MISS',
37 verbose headers   'x-cache-hits': '0',
37 verbose headers   'x-timer': 'S1508774765.820033,VS0,VE446',
37 verbose headers   vary: 'Accept-Encoding, Accept' }
38 verbose request invalidating /Users/harry/.npm/registry.npmjs.org/google-sheet-api on PUT
39 error publish Failed PUT 403
40 verbose stack Error: You do not have permission to publish "google-sheet-api". Are you logged in as the correct user? : google-sheet-api
40 verbose stack     at makeError (/usr/local/lib/node_modules/npm/node_modules/npm-registry-client/lib/request.js:302:12)
40 verbose stack     at CachingRegistryClient.<anonymous> (/usr/local/lib/node_modules/npm/node_modules/npm-registry-client/lib/request.js:290:14)
40 verbose stack     at Request._callback (/usr/local/lib/node_modules/npm/node_modules/npm-registry-client/lib/request.js:210:14)
40 verbose stack     at Request.self.callback (/usr/local/lib/node_modules/npm/node_modules/request/request.js:187:22)
40 verbose stack     at emitTwo (events.js:106:13)
40 verbose stack     at Request.emit (events.js:191:7)
40 verbose stack     at Request.<anonymous> (/usr/local/lib/node_modules/npm/node_modules/request/request.js:1048:10)
40 verbose stack     at emitOne (events.js:96:13)
40 verbose stack     at Request.emit (events.js:188:7)
40 verbose stack     at IncomingMessage.<anonymous> (/usr/local/lib/node_modules/npm/node_modules/request/request.js:969:12)
41 verbose statusCode 403
42 verbose pkgid google-sheet-api
43 verbose cwd /Users/harry/Documents/Projects/coreassets/googlesheethelper/google-sheet-api
44 error Darwin 17.0.0
45 error argv "/usr/local/bin/node" "/usr/local/bin/npm" "publish"
46 error node v6.11.4
47 error npm  v3.10.10
48 error code E403
49 error You do not have permission to publish "google-sheet-api". Are you logged in as the correct user? : google-sheet-api
50 error If you need help, you may report this error at:
50 error     <https://github.com/npm/npm/issues>
51 verbose exit [ 1, true ]
